TwoWebs/app/build/intermediates/manifest_merge_blame_file/debug/manifest-merger-blame-debug-report.txt
1<?xml version="1.0" encoding="utf-8"?>
2<manifest xmlns:android="http://schemas.android.com/apk/res/android"
3    package="com.example.twowebs"
4    android:versionCode="1"
5    android:versionName="1.0" >
6
7    <uses-sdk
8        android:minSdkVersion="23"
8-->src\main\AndroidManifest.xml
9        android:targetSdkVersion="30" />
9-->src\main\AndroidManifest.xml
10
11    <uses-permission android:name="android.permission.INTERNET" />
11-->src\main\AndroidManifest.xml:6:5-66
11-->src\main\AndroidManifest.xml:6:22-64
12    <uses-permission android:name="android.permission.MANAGE_EXTERNAL_STORAGE" />
12-->src\main\AndroidManifest.xml:7:5-8:40
12-->src\main\AndroidManifest.xml:7:22-79
13
14    <application
14-->src\main\AndroidManifest.xml:11:5-28:19
15        android:allowBackup="true"
15-->src\main\AndroidManifest.xml:12:9-35
16        android:appComponentFactory="androidx.core.app.CoreComponentFactory"
16-->[androidx.core:core:1.3.1] AndroidManifest.xml:24:18-86
17        android:debuggable="true"
18        android:extractNativeLibs="false"
19        android:icon="@mipmap/ic_launcher"
19-->src\main\AndroidManifest.xml:13:9-43
20        android:label="@string/app_name"
20-->src\main\AndroidManifest.xml:14:9-41
21        android:roundIcon="@mipmap/ic_launcher_round"
21-->src\main\AndroidManifest.xml:15:9-54
22        android:supportsRtl="true"
22-->src\main\AndroidManifest.xml:16:9-35
23        android:testOnly="true"
24        android:theme="@style/Theme.TwoWebs"
24-->src\main\AndroidManifest.xml:17:9-45
25        android:windowSoftInputMode="adjustResize" >
25-->src\main\AndroidManifest.xml:18:9-51
26        <activity
26-->src\main\AndroidManifest.xml:19:9-27:20
27            android:name="com.example.twowebs.MainActivity"
27-->src\main\AndroidManifest.xml:19:20-48
28            android:configChanges="screenSize|orientation" >
28-->src\main\AndroidManifest.xml:20:13-59
29            <intent-filter>
29-->src\main\AndroidManifest.xml:22:13-26:29
30                <action android:name="android.intent.action.MAIN" />
30-->src\main\AndroidManifest.xml:23:17-69
30-->src\main\AndroidManifest.xml:23:25-66
31
32                <category android:name="android.intent.category.LAUNCHER" />
32-->src\main\AndroidManifest.xml:25:17-77
32-->src\main\AndroidManifest.xml:25:27-74
33            </intent-filter>
34        </activity>
35    </application>
36
37</manifest>